Compilación iniciada a las 19/11/2015 17:38:45.
     1>Proyecto "C:\Users\Hector\Documents\GitHub\DISM\Practica2\Practica2\Practica2.vcxproj" en el nodo 2 (Build destinos).
     1>ClCompile:
         D:\PROGRAMAS\Visual Studio\VC\bin\CL.exe /c /Zi /nologo /W3 /WX- /sdl /O2 /Oi /Oy- /GL /D WIN32 /D NDEBUG /D _CONSOLE /D _UNICODE /D UNICODE /Gm- /EHsc /MD /GS /Gy /fp:precise /Zc:wchar_t /Zc:forScope /Zc:inline /Fo"Release\\" /Fd"Release\vc140.pdb" /Gd /TC /analyze- /errorReport:prompt incompleto.c
         incompleto.c
     1>incompleto.c(28): warning C4018: '<': no coinciden signed/unsigned
     1>incompleto.c(47): warning C4018: '<': no coinciden signed/unsigned
     1>incompleto.c(63): warning C4018: '<': no coinciden signed/unsigned
     1>incompleto.c(89): warning C4018: '<': no coinciden signed/unsigned
       Link:
         D:\PROGRAMAS\Visual Studio\VC\bin\link.exe /ERRORREPORT:PROMPT /OUT:"C:\Users\Hector\Documents\GitHub\DISM\Practica2\Release\Practica2.exe" /INCREMENTAL:NO /NOLOGO kernel32.lib user32.lib gdi32.lib winspool.lib comdlg32.lib advapi32.lib shell32.lib ole32.lib oleaut32.lib uuid.lib odbc32.lib odbccp32.lib /MANIFEST /MANIFESTUAC:"level='asInvoker' uiAccess='false'" /manifest:embed /Debug /PDB:"C:\Users\Hector\Documents\GitHub\DISM\Practica2\Release\Practica2.pdb" /SUBSYSTEM:CONSOLE /OPT:REF /OPT:ICF /LTCG:incremental /TLBID:1 /DYNAMICBASE /NXCOMPAT /IMPLIB:"C:\Users\Hector\Documents\GitHub\DISM\Practica2\Release\Practica2.lib" /MACHINE:X86 /SAFESEH Release\imagenBMP.obj
         Release\incompleto.obj
         Generando código
         1 of 13 functions ( 7.7%) were compiled, the rest were copied from previous compilation.
           0 functions were new in current compilation
           2 functions had inline decision re-evaluated but remain unchanged
         Generación de código finalizada
         Practica2.vcxproj -> C:\Users\Hector\Documents\GitHub\DISM\Practica2\Release\Practica2.exe
     1>Compilación del proyecto terminada "C:\Users\Hector\Documents\GitHub\DISM\Practica2\Practica2\Practica2.vcxproj" (Build destinos).

Compilación correcta.

Tiempo transcurrido 00:00:00.58
